<?xml version="1.0" encoding="UTF-8"?>
<!-- Generated by org.testng.reporters.JUnitXMLReporter -->
<testsuite ignored="0" hostname="DESKTOP-D316B3V" failures="1" tests="3" name="HomePageVerification" time="37.336" errors="0" timestamp="2024-10-09T13:54:31 GMT-07:00">
  <testcase classname="Entrata_Test_Cases.UsernameAndPasswordVisibilityTest" name="@BeforeMethod setup" time="15.214">
    <failure type="org.openqa.selenium.ElementClickInterceptedException" message="element click intercepted: Element &amp;lt;a href=&amp;quot;/sign-in&amp;quot; class=&amp;quot;signin-button mb-full&amp;quot;&amp;gt;...&amp;lt;/a&amp;gt; is not clickable at point (1178, 49). Other element would receive the click: &amp;lt;a href=&amp;quot;/sign-in&amp;quot; class=&amp;quot;signin-button mb-full&amp;quot;&amp;gt;...&amp;lt;/a&amp;gt;
  (Session info: chrome=129.0.6668.90)
Build info: version: &amp;apos;4.25.0&amp;apos;, revision: &amp;apos;8a8aea2337&amp;apos;
System info: os.name: &amp;apos;Windows 10&amp;apos;, os.arch: &amp;apos;amd64&amp;apos;, os.version: &amp;apos;10.0&amp;apos;, java.version: &amp;apos;21.0.4&amp;apos;
Driver info: org.openqa.selenium.chrome.ChromeDriver
Command: [f2b6318dacc377b79775f61bc4094dec, clickElement {id=f.492BDDEA011D323974AFE68E3B689EC6.d.6FFFC6F09CA04C877ECDF5E580272895.e.75}]
Capabilities {acceptInsecureCerts: false, browserName: chrome, browserVersion: 129.0.6668.90, chrome: {chromedriverVersion: 129.0.6668.91 (b00bc8b76d60..., userDataDir: C:\Users\DELL\AppData\Local...}, fedcm:accounts: true, goog:chromeOptions: {debuggerAddress: localhost:59006}, networkConnectionEnabled: false, pageLoadStrategy: normal, platformName: windows, proxy: Proxy(), se:cdp: ws://localhost:59006/devtoo..., se:cdpVersion: 129.0.6668.90, setWindowRect: true, strictFileInteractability: false, timeouts: {implicit: 0, pageLoad: 300000, script: 30000}, unhandledPromptBehavior: dismiss and notify, webauthn:extension:credBlob: true, webauthn:extension:largeBlob: true, webauthn:extension:minPinLength: true, webauthn:extension:prf: true, webauthn:virtualAuthenticators: true}
Element: [[ChromeDriver: chrome on windows (f2b6318dacc377b79775f61bc4094dec)] -&amp;gt; link text: Sign In]
Session ID: f2b6318dacc377b79775f61bc4094dec">
      <![CDATA[org.openqa.selenium.ElementClickInterceptedException: element click intercepted: Element <a href="/sign-in" class="signin-button mb-full">...</a> is not clickable at point (1178, 49). Other element would receive the click: <a href="/sign-in" class="signin-button mb-full">...</a>
  (Session info: chrome=129.0.6668.90)
Build info: version: '4.25.0', revision: '8a8aea2337'
System info: os.name: 'Windows 10', os.arch: 'amd64', os.version: '10.0', java.version: '21.0.4'
Driver info: org.openqa.selenium.chrome.ChromeDriver
Command: [f2b6318dacc377b79775f61bc4094dec, clickElement {id=f.492BDDEA011D323974AFE68E3B689EC6.d.6FFFC6F09CA04C877ECDF5E580272895.e.75}]
Capabilities {acceptInsecureCerts: false, browserName: chrome, browserVersion: 129.0.6668.90, chrome: {chromedriverVersion: 129.0.6668.91 (b00bc8b76d60..., userDataDir: C:\Users\DELL\AppData\Local...}, fedcm:accounts: true, goog:chromeOptions: {debuggerAddress: localhost:59006}, networkConnectionEnabled: false, pageLoadStrategy: normal, platformName: windows, proxy: Proxy(), se:cdp: ws://localhost:59006/devtoo..., se:cdpVersion: 129.0.6668.90, setWindowRect: true, strictFileInteractability: false, timeouts: {implicit: 0, pageLoad: 300000, script: 30000}, unhandledPromptBehavior: dismiss and notify, webauthn:extension:credBlob: true, webauthn:extension:largeBlob: true, webauthn:extension:minPinLength: true, webauthn:extension:prf: true, webauthn:virtualAuthenticators: true}
Element: [[ChromeDriver: chrome on windows (f2b6318dacc377b79775f61bc4094dec)] -> link text: Sign In]
Session ID: f2b6318dacc377b79775f61bc4094dec
at org.openqa.selenium.remote.ErrorCodec.decode(ErrorCodec.java:167)
at org.openqa.selenium.remote.codec.w3c.W3CHttpResponseCodec.decode(W3CHttpResponseCodec.java:138)
at org.openqa.selenium.remote.codec.w3c.W3CHttpResponseCodec.decode(W3CHttpResponseCodec.java:50)
at org.openqa.selenium.remote.HttpCommandExecutor.execute(HttpCommandExecutor.java:190)
at org.openqa.selenium.remote.service.DriverCommandExecutor.invokeExecute(DriverCommandExecutor.java:216)
at org.openqa.selenium.remote.service.DriverCommandExecutor.execute(DriverCommandExecutor.java:174)
at org.openqa.selenium.remote.RemoteWebDriver.execute(RemoteWebDriver.java:545)
at org.openqa.selenium.remote.RemoteWebElement.execute(RemoteWebElement.java:223)
at org.openqa.selenium.remote.RemoteWebElement.click(RemoteWebElement.java:76)
at org.openqa.selenium.support.pagefactory.internal.LocatingElementHandler.invoke(LocatingElementHandler.java:51)
at jdk.proxy2/jdk.proxy2.$Proxy12.click(Unknown Source)
at Entrata_Test_Cases.UsernameAndPasswordVisibilityTest.setup(UsernameAndPasswordVisibilityTest.java:34)
at java.base/java.util.ArrayList.forEach(ArrayList.java:1596)
... Removed 34 stack frames]]>
    </failure>
  </testcase> <!-- @BeforeMethod setup -->
  <testcase classname="Entrata_Test_Cases.UsernameAndPasswordVisibilityTest" name="@AfterMethod closeBrowser" time="0.0">
    <skipped/>
  </testcase> <!-- @AfterMethod closeBrowser -->
  <testcase classname="Entrata_Test_Cases.HomePageVerificationTest" name="testHomePageLandingAndTitle" time="0.151"/>
  <testcase classname="Entrata_Test_Cases.VerifyListOfResourcesTest" name="VerifyResources" time="0.449">
    <failure type="java.lang.AssertionError" message="Dropdown values do not match expected values!: Lists differ at element [0]: All Resources !=  expected [All Resources] but found []">
      <![CDATA[java.lang.AssertionError: Dropdown values do not match expected values!: Lists differ at element [0]: All Resources !=  expected [All Resources] but found []
at Entrata_Test_Cases.VerifyListOfResourcesTest.VerifyResources(VerifyListOfResourcesTest.java:50)
at java.base/java.util.ArrayList.forEach(ArrayList.java:1596)
... Removed 29 stack frames]]>
    </failure>
  </testcase> <!-- VerifyResources -->
  <testcase classname="Entrata_Test_Cases.UsernameAndPasswordVisibilityTest" name="avaibilityOfUsernameandPassword" time="0.0">
    <skipped/>
  </testcase> <!-- avaibilityOfUsernameandPassword -->
</testsuite> <!-- HomePageVerification -->
