<!DOCTYPE html PUBLIC "-//W3C//DTD XHTML 1.1//EN" "https://www.w3.org/TR/xhtml11/DTD/xhtml11.dtd">
<html xmlns="https://www.w3.org/1999/xhtml">
<head>
<meta http-equiv="content-type" content="text/html; charset=UTF-8"/>
<title>TestNG Report</title>
<style type="text/css">table {margin-bottom:10px;border-collapse:collapse;empty-cells:show}th,td {border:1px solid #009;padding:.25em .5em}th {vertical-align:bottom}td {vertical-align:top}table a {font-weight:bold}.stripe td {background-color: #E6EBF9}.num {text-align:right}.passedodd td {background-color: #3F3}.passedeven td {background-color: #0A0}.skippedodd td {background-color: #DDD}.skippedeven td {background-color: #CCC}.failedodd td,.attn {background-color: #F33}.failedeven td,.stripe .attn {background-color: #D00}.stacktrace {white-space:pre;font-family:monospace}.totop {font-size:85%;text-align:center;border-bottom:2px solid #000}.invisible {display:none}</style>
</head>
<body>
<table>
<tr><th>Test</th><th># Passed</th><th># Skipped</th><th># Retried</th><th># Failed</th><th>Time (ms)</th><th>Included Groups</th><th>Excluded Groups</th></tr>
<tr><th colspan="8">Surefire suite</th></tr>
<tr><td><a href="#t0">Surefire test</a></td><td class="num">1</td><td class="num attn">1</td><td class="num">0</td><td class="num attn">1</td><td class="num">28,341</td><td></td><td></td></tr>
</table>
<table id='summary'><thead><tr><th>Class</th><th>Method</th><th>Start</th><th>Time (ms)</th></tr></thead><tbody><tr><th colspan="4">Surefire suite</th></tr></tbody><tbody id="t0"><tr><th colspan="4">Surefire test &#8212; failed (configuration methods)</th></tr><tr class="failedeven"><td rowspan="1">Entrata_Test_Cases.UsernameAndPasswordVisibilityTest</td><td><a href="#m0">setup</a></td><td rowspan="1">1728507139118</td><td rowspan="1">8535</td></tr><tr><th colspan="4">Surefire test &#8212; failed</th></tr><tr class="failedeven"><td rowspan="1">Entrata_Test_Cases.VerifyListOfResourcesTest</td><td><a href="#m1">VerifyResources</a></td><td rowspan="1">1728507158486</td><td rowspan="1">1554</td></tr><tr><th colspan="4">Surefire test &#8212; skipped (configuration methods)</th></tr><tr class="skippedeven"><td rowspan="1">Entrata_Test_Cases.UsernameAndPasswordVisibilityTest</td><td><a href="#m2">closeBrowser</a></td><td rowspan="1">1728507147666</td><td rowspan="1">0</td></tr><tr><th colspan="4">Surefire test &#8212; skipped</th></tr><tr class="skippedeven"><td rowspan="1">Entrata_Test_Cases.UsernameAndPasswordVisibilityTest</td><td><a href="#m3">avaibilityOfUsernameandPassword</a></td><td rowspan="1">1728507147665</td><td rowspan="1">0</td></tr><tr><th colspan="4">Surefire test &#8212; passed</th></tr><tr class="passedeven"><td rowspan="1">Entrata_Test_Cases.HomePageVerificationTest</td><td><a href="#m4">testHomePageLandingAndTitle</a></td><td rowspan="1">1728507138836</td><td rowspan="1">83</td></tr></tbody>
</table>
<h2>Surefire test</h2><h3 id="m0">Entrata_Test_Cases.UsernameAndPasswordVisibilityTest#setup</h3><table class="result"><tr><th>Exception</th></tr><tr><td><div class="stacktrace">org.openqa.selenium.ElementClickInterceptedException: element click intercepted: Element &lt;a href=&quot;/sign-in&quot; class=&quot;signin-button mb-full&quot;&gt;...&lt;/a&gt; is not clickable at point (1178, 49). Other element would receive the click: &lt;a href=&quot;/sign-in&quot; class=&quot;signin-button mb-full&quot;&gt;...&lt;/a&gt;
  (Session info: chrome=129.0.6668.90)
Build info: version: &apos;4.25.0&apos;, revision: &apos;8a8aea2337&apos;
System info: os.name: &apos;Windows 10&apos;, os.arch: &apos;amd64&apos;, os.version: &apos;10.0&apos;, java.version: &apos;21.0.4&apos;
Driver info: org.openqa.selenium.chrome.ChromeDriver
Command: [ea5457d6903d8f27a454d4b9185d0c4f, clickElement {id=f.7729F1BD953DA4272342747A442942B1.d.E6361481183839DFF3B1B9EA557A0A82.e.39}]
Capabilities {acceptInsecureCerts: false, browserName: chrome, browserVersion: 129.0.6668.90, chrome: {chromedriverVersion: 129.0.6668.91 (b00bc8b76d60..., userDataDir: C:\Users\DELL\AppData\Local...}, fedcm:accounts: true, goog:chromeOptions: {debuggerAddress: localhost:58574}, networkConnectionEnabled: false, pageLoadStrategy: normal, platformName: windows, proxy: Proxy(), se:cdp: ws://localhost:58574/devtoo..., se:cdpVersion: 129.0.6668.90, setWindowRect: true, strictFileInteractability: false, timeouts: {implicit: 0, pageLoad: 300000, script: 30000}, unhandledPromptBehavior: dismiss and notify, webauthn:extension:credBlob: true, webauthn:extension:largeBlob: true, webauthn:extension:minPinLength: true, webauthn:extension:prf: true, webauthn:virtualAuthenticators: true}
Element: [[ChromeDriver: chrome on windows (ea5457d6903d8f27a454d4b9185d0c4f)] -&gt; link text: Sign In]
Session ID: ea5457d6903d8f27a454d4b9185d0c4f
	at org.openqa.selenium.remote.ErrorCodec.decode(ErrorCodec.java:167)
	at org.openqa.selenium.remote.codec.w3c.W3CHttpResponseCodec.decode(W3CHttpResponseCodec.java:138)
	at org.openqa.selenium.remote.codec.w3c.W3CHttpResponseCodec.decode(W3CHttpResponseCodec.java:50)
	at org.openqa.selenium.remote.HttpCommandExecutor.execute(HttpCommandExecutor.java:190)
	at org.openqa.selenium.remote.service.DriverCommandExecutor.invokeExecute(DriverCommandExecutor.java:216)
	at org.openqa.selenium.remote.service.DriverCommandExecutor.execute(DriverCommandExecutor.java:174)
	at org.openqa.selenium.remote.RemoteWebDriver.execute(RemoteWebDriver.java:545)
	at org.openqa.selenium.remote.RemoteWebElement.execute(RemoteWebElement.java:223)
	at org.openqa.selenium.remote.RemoteWebElement.click(RemoteWebElement.java:76)
	at org.openqa.selenium.support.pagefactory.internal.LocatingElementHandler.invoke(LocatingElementHandler.java:51)
	at jdk.proxy2/jdk.proxy2.$Proxy9.click(Unknown Source)
	at Entrata_Test_Cases.UsernameAndPasswordVisibilityTest.setup(UsernameAndPasswordVisibilityTest.java:36)
	at java.base/java.util.ArrayList.forEach(ArrayList.java:1596)
... Removed 39 stack frames</div></td></tr></table><p class="totop"><a href="#summary">back to summary</a></p>
<h3 id="m1">Entrata_Test_Cases.VerifyListOfResourcesTest#VerifyResources</h3><table class="result"><tr><th>Exception</th></tr><tr><td><div class="stacktrace">java.lang.AssertionError: Dropdown values do not match expected values!: Lists differ at element [0]: All Resources !=  expected [All Resources] but found []
	at Entrata_Test_Cases.VerifyListOfResourcesTest.VerifyResources(VerifyListOfResourcesTest.java:50)
	at java.base/java.util.ArrayList.forEach(ArrayList.java:1596)
... Removed 34 stack frames</div></td></tr></table><p class="totop"><a href="#summary">back to summary</a></p>
<h3 id="m2">Entrata_Test_Cases.UsernameAndPasswordVisibilityTest#closeBrowser</h3><table class="result"><tr><th class="invisible"/></tr></table><p class="totop"><a href="#summary">back to summary</a></p>
<h3 id="m3">Entrata_Test_Cases.UsernameAndPasswordVisibilityTest#avaibilityOfUsernameandPassword</h3><table class="result"><tr><th>Exception</th></tr><tr><td><div class="stacktrace">org.openqa.selenium.ElementClickInterceptedException: element click intercepted: Element &lt;a href=&quot;/sign-in&quot; class=&quot;signin-button mb-full&quot;&gt;...&lt;/a&gt; is not clickable at point (1178, 49). Other element would receive the click: &lt;a href=&quot;/sign-in&quot; class=&quot;signin-button mb-full&quot;&gt;...&lt;/a&gt;
  (Session info: chrome=129.0.6668.90)
Build info: version: &apos;4.25.0&apos;, revision: &apos;8a8aea2337&apos;
System info: os.name: &apos;Windows 10&apos;, os.arch: &apos;amd64&apos;, os.version: &apos;10.0&apos;, java.version: &apos;21.0.4&apos;
Driver info: org.openqa.selenium.chrome.ChromeDriver
Command: [ea5457d6903d8f27a454d4b9185d0c4f, clickElement {id=f.7729F1BD953DA4272342747A442942B1.d.E6361481183839DFF3B1B9EA557A0A82.e.39}]
Capabilities {acceptInsecureCerts: false, browserName: chrome, browserVersion: 129.0.6668.90, chrome: {chromedriverVersion: 129.0.6668.91 (b00bc8b76d60..., userDataDir: C:\Users\DELL\AppData\Local...}, fedcm:accounts: true, goog:chromeOptions: {debuggerAddress: localhost:58574}, networkConnectionEnabled: false, pageLoadStrategy: normal, platformName: windows, proxy: Proxy(), se:cdp: ws://localhost:58574/devtoo..., se:cdpVersion: 129.0.6668.90, setWindowRect: true, strictFileInteractability: false, timeouts: {implicit: 0, pageLoad: 300000, script: 30000}, unhandledPromptBehavior: dismiss and notify, webauthn:extension:credBlob: true, webauthn:extension:largeBlob: true, webauthn:extension:minPinLength: true, webauthn:extension:prf: true, webauthn:virtualAuthenticators: true}
Element: [[ChromeDriver: chrome on windows (ea5457d6903d8f27a454d4b9185d0c4f)] -&gt; link text: Sign In]
Session ID: ea5457d6903d8f27a454d4b9185d0c4f
	at org.openqa.selenium.remote.ErrorCodec.decode(ErrorCodec.java:167)
	at org.openqa.selenium.remote.codec.w3c.W3CHttpResponseCodec.decode(W3CHttpResponseCodec.java:138)
	at org.openqa.selenium.remote.codec.w3c.W3CHttpResponseCodec.decode(W3CHttpResponseCodec.java:50)
	at org.openqa.selenium.remote.HttpCommandExecutor.execute(HttpCommandExecutor.java:190)
	at org.openqa.selenium.remote.service.DriverCommandExecutor.invokeExecute(DriverCommandExecutor.java:216)
	at org.openqa.selenium.remote.service.DriverCommandExecutor.execute(DriverCommandExecutor.java:174)
	at org.openqa.selenium.remote.RemoteWebDriver.execute(RemoteWebDriver.java:545)
	at org.openqa.selenium.remote.RemoteWebElement.execute(RemoteWebElement.java:223)
	at org.openqa.selenium.remote.RemoteWebElement.click(RemoteWebElement.java:76)
	at org.openqa.selenium.support.pagefactory.internal.LocatingElementHandler.invoke(LocatingElementHandler.java:51)
	at jdk.proxy2/jdk.proxy2.$Proxy9.click(Unknown Source)
	at Entrata_Test_Cases.UsernameAndPasswordVisibilityTest.setup(UsernameAndPasswordVisibilityTest.java:36)
	at java.base/java.util.ArrayList.forEach(ArrayList.java:1596)
... Removed 39 stack frames</div></td></tr></table><p class="totop"><a href="#summary">back to summary</a></p>
<h3 id="m4">Entrata_Test_Cases.HomePageVerificationTest#testHomePageLandingAndTitle</h3><table class="result"><tr><th class="invisible"/></tr></table><p class="totop"><a href="#summary">back to summary</a></p>
</body>
</html>
